<?xml version="1.0" encoding="UTF-8"?>
<!-- Generated by org.testng.reporters.JUnitReportReporter -->
<testsuite hostname="ArunMotoori" failures="0" tests="1" name="tests.Logout" time="2.906" errors="0" timestamp="2024-10-22T21:21:40 IST" skipped="1">
  <testcase classname="tests.Logout" name="verifyLogoutFromMyAccountMenu" time="2.906">
    <skipped/>
  </testcase> <!-- verifyLogoutFromMyAccountMenu -->
</testsuite> <!-- tests.Logout -->
