<?xml version="1.0" encoding="UTF-8"?>
<!-- Generated by org.testng.reporters.JUnitReportReporter -->
<testsuite hostname="ArunMotoori" failures="0" tests="3" name="tests.Register" time="18.851" errors="0" timestamp="2024-09-30T21:49:28 IST" skipped="0">
  <testcase classname="tests.Register" name="verifyRegisterAccountUsingMandatoryFields" time="6.451"/>
  <testcase classname="tests.Register" name="verifyRegisterAccountUsingAllFields" time="6.208"/>
  <testcase classname="tests.Register" name="verifyRegisterAccountWithoutAnyDetails" time="6.192"/>
</testsuite> <!-- tests.Register -->
