<?xml version="1.0" encoding="UTF-8"?>
<!-- Generated by org.testng.reporters.JUnitReportReporter -->
<testsuite hostname="ArunMotoori" failures="0" tests="3" name="tests.Register" time="18.946" errors="0" timestamp="2024-09-18T21:49:40 IST" skipped="0">
  <testcase classname="tests.Register" name="verifyRegisterAccountUsingMandatoryFields" time="7.009"/>
  <testcase classname="tests.Register" name="verifyRegisterAccountUsingAllFields" time="7.099"/>
  <testcase classname="tests.Register" name="verifyRegisterAccountWithoutAnyDetails" time="4.838"/>
</testsuite> <!-- tests.Register -->
