<?xml version="1.0" encoding="UTF-8"?>
<!-- Generated by org.testng.reporters.JUnitReportReporter -->
<testsuite hostname="ArunMotoori" failures="0" tests="5" name="tests.Login" time="26.342" errors="0" timestamp="2024-09-20T21:25:06 IST" skipped="0">
  <testcase classname="tests.Login" name="verifyLoginWithValidCredentials" time="5.839"/>
  <testcase classname="tests.Login" name="verifyLoginWithInvalidCredentials" time="5.540"/>
  <testcase classname="tests.Login" name="verifyLoginWithInvalidEmailAndValidPassword" time="5.018"/>
  <testcase classname="tests.Login" name="verifyLoginWithValidEmailAndInvalidPassword" time="5.281"/>
  <testcase classname="tests.Login" name="verifyLoginWithoutCredentials" time="4.664"/>
</testsuite> <!-- tests.Login -->
