<?xml version="1.0" encoding="UTF-8"?>
<!-- Generated by org.testng.reporters.JUnitReportReporter -->
<testsuite hostname="ArunMotoori" failures="0" tests="7" name="tests.Login" time="30.323" errors="0" timestamp="2024-10-22T21:21:40 IST" skipped="0">
  <testcase classname="tests.Login" name="verifyLoginWithValidCredentials" time="4.368"/>
  <testcase classname="tests.Login" name="verifyLoginWithValidCredentials" time="4.395"/>
  <testcase classname="tests.Login" name="verifyLoginWithValidCredentials" time="4.576"/>
  <testcase classname="tests.Login" name="verifyLoginWithInvalidCredentials" time="4.200"/>
  <testcase classname="tests.Login" name="verifyLoginWithInvalidEmailAndValidPassword" time="4.284"/>
  <testcase classname="tests.Login" name="verifyLoginWithValidEmailAndInvalidPassword" time="4.081"/>
  <testcase classname="tests.Login" name="verifyLoginWithoutCredentials" time="4.419"/>
</testsuite> <!-- tests.Login -->
