<?xml version="1.0" encoding="UTF-8"?>
<!-- Generated by org.testng.reporters.JUnitReportReporter -->
<testsuite hostname="ArunMotoori" failures="0" tests="1" name="tests.Logout" time="6.608" errors="0" timestamp="2024-09-30T21:49:28 IST" skipped="0">
  <testcase classname="tests.Logout" name="verifyLogoutFromMyAccountMenu" time="6.608"/>
</testsuite> <!-- tests.Logout -->
