<?xml version="1.0" encoding="UTF-8"?>
<!-- Generated by org.testng.reporters.JUnitReportReporter -->
<testsuite hostname="ArunMotoori" failures="0" tests="3" name="tests.Register" time="19.698" errors="0" timestamp="2024-09-23T21:03:10 IST" skipped="0">
  <testcase classname="tests.Register" name="verifyRegisterAccountUsingMandatoryFields" time="6.879"/>
  <testcase classname="tests.Register" name="verifyRegisterAccountUsingAllFields" time="6.999"/>
  <testcase classname="tests.Register" name="verifyRegisterAccountWithoutAnyDetails" time="5.820"/>
</testsuite> <!-- tests.Register -->
