<?xml version="1.0" encoding="UTF-8"?>
<!-- Generated by org.testng.reporters.JUnitReportReporter -->
<testsuite hostname="ArunMotoori" failures="0" tests="3" name="tests.Search" time="10.906" errors="0" timestamp="2024-10-21T22:09:26 IST" skipped="0">
  <testcase classname="tests.Search" name="verifySearchingForExisitingProduct" time="3.440"/>
  <testcase classname="tests.Search" name="verifySearchingForNonExistingProduct" time="3.290"/>
  <testcase classname="tests.Search" name="verifySearchingWithoutAnyProduct" time="4.176"/>
</testsuite> <!-- tests.Search -->
