<?xml version="1.0" encoding="UTF-8"?>
<!-- Generated by org.testng.reporters.JUnitReportReporter -->
<testsuite hostname="ArunMotoori" failures="0" tests="3" name="tests.Register" time="16.189" errors="0" timestamp="2024-10-21T22:09:26 IST" skipped="0">
  <testcase classname="tests.Register" name="verifyRegisterAccountUsingMandatoryFields" time="6.819"/>
  <testcase classname="tests.Register" name="verifyRegisterAccountUsingAllFields" time="5.038"/>
  <testcase classname="tests.Register" name="verifyRegisterAccountWithoutAnyDetails" time="4.332"/>
</testsuite> <!-- tests.Register -->
