<?xml version="1.0" encoding="UTF-8"?>
<!-- Generated by org.testng.reporters.JUnitReportReporter -->
<testsuite hostname="ArunMotoori" failures="0" tests="3" name="tests.Login" time="13.921" errors="0" timestamp="2024-10-18T21:45:16 IST" skipped="0">
  <testcase classname="tests.Login" name="verifyLoginWithValidCredentials" time="5.121"/>
  <testcase classname="tests.Login" name="verifyLoginWithValidCredentials" time="4.395"/>
  <testcase classname="tests.Login" name="verifyLoginWithValidCredentials" time="4.405"/>
</testsuite> <!-- tests.Login -->
