<?xml version="1.0" encoding="UTF-8"?>
<!-- Generated by org.testng.reporters.JUnitReportReporter -->
<testsuite hostname="ArunMotoori" failures="0" tests="3" name="tests.Search" time="13.020" errors="0" timestamp="2024-09-20T21:25:06 IST" skipped="0">
  <testcase classname="tests.Search" name="verifySearchingForExisitingProduct" time="4.771"/>
  <testcase classname="tests.Search" name="verifySearchingForNonExistingProduct" time="4.108"/>
  <testcase classname="tests.Search" name="verifySearchingWithoutAnyProduct" time="4.141"/>
</testsuite> <!-- tests.Search -->
