<?xml version="1.0" encoding="UTF-8"?>
<!-- Generated by org.testng.reporters.JUnitReportReporter -->
<testsuite hostname="ArunMotoori" failures="0" tests="3" name="tests.Search" time="12.373" errors="0" timestamp="2024-09-30T21:49:28 IST" skipped="0">
  <testcase classname="tests.Search" name="verifySearchingForExisitingProduct" time="4.231"/>
  <testcase classname="tests.Search" name="verifySearchingForNonExistingProduct" time="4.035"/>
  <testcase classname="tests.Search" name="verifySearchingWithoutAnyProduct" time="4.107"/>
</testsuite> <!-- tests.Search -->
