<?xml version="1.0" encoding="UTF-8"?>
<!-- Generated by org.testng.reporters.JUnitReportReporter -->
<testsuite hostname="ArunMotoori" failures="0" tests="3" name="tests.Register" time="16.011" errors="0" timestamp="2024-10-22T21:21:40 IST" skipped="0">
  <testcase classname="tests.Register" name="verifyRegisterAccountUsingMandatoryFields" time="6.400"/>
  <testcase classname="tests.Register" name="verifyRegisterAccountUsingAllFields" time="4.930"/>
  <testcase classname="tests.Register" name="verifyRegisterAccountWithoutAnyDetails" time="4.681"/>
</testsuite> <!-- tests.Register -->
