<?xml version="1.0" encoding="UTF-8"?>
<!-- Generated by org.testng.reporters.JUnitReportReporter -->
<testsuite hostname="ArunMotoori" failures="0" tests="3" name="tests.Search" time="13.884" errors="0" timestamp="2024-09-23T21:03:10 IST" skipped="0">
  <testcase classname="tests.Search" name="verifySearchingForExisitingProduct" time="4.933"/>
  <testcase classname="tests.Search" name="verifySearchingForNonExistingProduct" time="4.713"/>
  <testcase classname="tests.Search" name="verifySearchingWithoutAnyProduct" time="4.238"/>
</testsuite> <!-- tests.Search -->
