<?xml version="1.0" encoding="UTF-8"?>
<!-- Generated by org.testng.reporters.JUnitReportReporter -->
<testsuite hostname="ArunMotoori" failures="0" tests="5" name="tests.Login" time="25.551" errors="0" timestamp="2024-09-30T21:49:28 IST" skipped="0">
  <testcase classname="tests.Login" name="verifyLoginWithValidCredentials" time="5.055"/>
  <testcase classname="tests.Login" name="verifyLoginWithInvalidCredentials" time="5.659"/>
  <testcase classname="tests.Login" name="verifyLoginWithInvalidEmailAndValidPassword" time="4.911"/>
  <testcase classname="tests.Login" name="verifyLoginWithValidEmailAndInvalidPassword" time="4.848"/>
  <testcase classname="tests.Login" name="verifyLoginWithoutCredentials" time="5.078"/>
</testsuite> <!-- tests.Login -->
