<?xml version="1.0" encoding="UTF-8"?>
<!-- Generated by org.testng.reporters.JUnitReportReporter -->
<testsuite hostname="ArunMotoori" failures="0" tests="1" name="tests.Logout" time="5.287" errors="0" timestamp="2024-10-21T22:09:26 IST" skipped="0">
  <testcase classname="tests.Logout" name="verifyLogoutFromMyAccountMenu" time="5.287"/>
</testsuite> <!-- tests.Logout -->
