<?xml version="1.0" encoding="UTF-8"?>
<!-- Generated by org.testng.reporters.JUnitReportReporter -->
<testsuite hostname="ArunMotoori" failures="0" tests="5" name="tests.Login" time="24.343" errors="0" timestamp="2024-09-25T21:48:49 IST" skipped="0">
  <testcase classname="tests.Login" name="verifyLoginWithValidCredentials" time="5.186"/>
  <testcase classname="tests.Login" name="verifyLoginWithInvalidCredentials" time="4.840"/>
  <testcase classname="tests.Login" name="verifyLoginWithInvalidEmailAndValidPassword" time="4.730"/>
  <testcase classname="tests.Login" name="verifyLoginWithValidEmailAndInvalidPassword" time="4.718"/>
  <testcase classname="tests.Login" name="verifyLoginWithoutCredentials" time="4.869"/>
</testsuite> <!-- tests.Login -->
