<?xml version="1.0" encoding="UTF-8"?>
<!-- Generated by org.testng.reporters.JUnitReportReporter -->
<testsuite hostname="ArunMotoori" failures="0" tests="7" name="tests.Login" time="30.868" errors="0" timestamp="2024-10-21T22:09:26 IST" skipped="0">
  <testcase classname="tests.Login" name="verifyLoginWithValidCredentials" time="4.328"/>
  <testcase classname="tests.Login" name="verifyLoginWithValidCredentials" time="4.263"/>
  <testcase classname="tests.Login" name="verifyLoginWithValidCredentials" time="4.526"/>
  <testcase classname="tests.Login" name="verifyLoginWithInvalidCredentials" time="4.218"/>
  <testcase classname="tests.Login" name="verifyLoginWithInvalidEmailAndValidPassword" time="5.367"/>
  <testcase classname="tests.Login" name="verifyLoginWithValidEmailAndInvalidPassword" time="4.124"/>
  <testcase classname="tests.Login" name="verifyLoginWithoutCredentials" time="4.042"/>
</testsuite> <!-- tests.Login -->
