<?xml version="1.0" encoding="UTF-8"?>
<!-- Generated by org.testng.reporters.JUnitReportReporter -->
<testsuite hostname="ArunMotoori" failures="0" tests="5" name="tests.Login" time="27.988" errors="0" timestamp="2024-09-23T21:03:10 IST" skipped="0">
  <testcase classname="tests.Login" name="verifyLoginWithValidCredentials" time="6.557"/>
  <testcase classname="tests.Login" name="verifyLoginWithInvalidCredentials" time="5.332"/>
  <testcase classname="tests.Login" name="verifyLoginWithInvalidEmailAndValidPassword" time="5.843"/>
  <testcase classname="tests.Login" name="verifyLoginWithValidEmailAndInvalidPassword" time="5.327"/>
  <testcase classname="tests.Login" name="verifyLoginWithoutCredentials" time="4.929"/>
</testsuite> <!-- tests.Login -->
