<?xml version="1.0" encoding="UTF-8"?>
<!-- Generated by org.testng.reporters.JUnitReportReporter -->
<testsuite hostname="ArunMotoori" failures="0" tests="3" name="tests.Register" time="16.778" errors="0" timestamp="2024-09-20T21:25:06 IST" skipped="0">
  <testcase classname="tests.Register" name="verifyRegisterAccountUsingMandatoryFields" time="5.651"/>
  <testcase classname="tests.Register" name="verifyRegisterAccountUsingAllFields" time="5.590"/>
  <testcase classname="tests.Register" name="verifyRegisterAccountWithoutAnyDetails" time="5.537"/>
</testsuite> <!-- tests.Register -->
