<?xml version="1.0" encoding="UTF-8"?>
<!-- Generated by org.testng.reporters.JUnitReportReporter -->
<testsuite hostname="ArunMotoori" failures="0" tests="3" name="tests.Search" time="11.794" errors="0" timestamp="2024-09-25T21:48:49 IST" skipped="0">
  <testcase classname="tests.Search" name="verifySearchingForExisitingProduct" time="4.138"/>
  <testcase classname="tests.Search" name="verifySearchingForNonExistingProduct" time="4.055"/>
  <testcase classname="tests.Search" name="verifySearchingWithoutAnyProduct" time="3.601"/>
</testsuite> <!-- tests.Search -->
