<?xml version="1.0" encoding="UTF-8"?>
<!-- Generated by org.testng.reporters.JUnitReportReporter -->
<testsuite hostname="ArunMotoori" failures="0" tests="3" name="tests.Register" time="17.987" errors="0" timestamp="2024-09-25T21:48:49 IST" skipped="0">
  <testcase classname="tests.Register" name="verifyRegisterAccountUsingMandatoryFields" time="6.256"/>
  <testcase classname="tests.Register" name="verifyRegisterAccountUsingAllFields" time="6.318"/>
  <testcase classname="tests.Register" name="verifyRegisterAccountWithoutAnyDetails" time="5.413"/>
</testsuite> <!-- tests.Register -->
